#
# There is insufficient memory for the Java Runtime Environment to continue.
# Native memory allocation (mmap) failed to map 67108864 bytes for Failed to commit area from 0x00000000c1600000 to 0x00000000c5600000 of length 67108864.
# Possible reasons:
#   The system is out of physical RAM or swap space
#   The process is running with CompressedOops enabled, and the Java Heap may be blocking the growth of the native heap
# Possible solutions:
#   Reduce memory load on the system
#   Increase physical memory or swap space
#   Check if swap backing store is full
#   Decrease Java heap size (-Xmx/-Xms)
#   Decrease number of Java threads
#   Decrease Java thread stack sizes (-Xss)
#   Set larger code cache with -XX:ReservedCodeCacheSize=
# This output file may be truncated or incomplete.
#
#  Out of Memory Error (t:/workspace/open/src/hotspot/os/windows/os_windows.cpp:3301), pid=12884, tid=7728
#
# JRE version:  (13.0.1+9) (build )
# Java VM: Java HotSpot(TM) 64-Bit Server VM (13.0.1+9, mixed mode, aot, sharing, tiered, compressed oops, g1 gc, windows-amd64)
# No core dump will be written. Minidumps are not enabled by default on client versions of Windows
#

---------------  S U M M A R Y ------------

Command Line: -Dfile.encoding=Cp1252 hosp.info.BackgroundJFrame -clean

Host: Intel(R) Core(TM) i3-8130U CPU @ 2.20GHz, 4 cores, 3G,  Windows 10 , 64 bit Build 19041 (10.0.19041.546)
Time: Sun Dec 13 20:24:25 2020 India Standard Time elapsed time: 1 seconds (0d 0h 0m 1s)

---------------  T H R E A D  ---------------

Current thread (0x0000016026d17800):  JavaThread "Unknown thread" [_thread_in_vm, id=7728, stack(0x0000001cd5800000,0x0000001cd5900000)]

Stack: [0x0000001cd5800000,0x0000001cd5900000]
Native frames: (J=compiled Java code, j=interpreted, Vv=VM code, C=native code)
V  [jvm.dll+0x626eca]
V  [jvm.dll+0x772c6a]
V  [jvm.dll+0x77441f]
V  [jvm.dll+0x774a23]
V  [jvm.dll+0x24da58]
V  [jvm.dll+0x62438a]
V  [jvm.dll+0x618f75]
V  [jvm.dll+0x30c61c]
V  [jvm.dll+0x30c452]
V  [jvm.dll+0x311bc6]
V  [jvm.dll+0x355ce6]
V  [jvm.dll+0x3554c0]
V  [jvm.dll+0x2e729a]
V  [jvm.dll+0x2e8532]
V  [jvm.dll+0x74fcd8]
V  [jvm.dll+0x363739]
V  [jvm.dll+0x732dc5]
V  [jvm.dll+0x3ce2ef]
V  [jvm.dll+0x3d0611]
C  [jli.dll+0x51ff]
C  [ucrtbase.dll+0x214c2]
C  [KERNEL32.DLL+0x17034]
C  [ntdll.dll+0x4cec1]


---------------  P R O C E S S  ---------------

Threads class SMR info:
_java_thread_list=0x00007ff9fe4346b8, length=0, elements={
}

Java Threads: ( => current thread )

Other Threads:
  0x0000016026d48800 GCTaskThread "GC Thread#0" [stack: 0x0000001cd5900000,0x0000001cd5a00000] [id=16732]
  0x0000016026d52000 ConcurrentGCThread "G1 Main Marker" [stack: 0x0000001cd5a00000,0x0000001cd5b00000] [id=9160]
  0x0000016026d54800 ConcurrentGCThread "G1 Conc#0" [stack: 0x0000001cd5b00000,0x0000001cd5c00000] [id=13788]

[error occurred during error reporting (printing all threads), id 0xc0000005, EXCEPTION_ACCESS_VIOLATION (0xc0000005) at pc=0x00007ff9fdc66f67]

VM state:not at safepoint (not fully initialized)

VM Mutex/Monitor currently owned by a thread:  ([mutex/lock_event])
[0x0000016024b1b900] Heap_lock - owner thread: 0x0000016026d17800

Heap address: 0x00000000c1600000, size: 1002 MB, Compressed Oops mode: Non-zero based: 0x00000000c1600000
Narrow klass base: 0x0000000000000000, Narrow klass shift: 0

GC Heap History (0 events):
No events

Deoptimization events (0 events):
No events

Classes unloaded (0 events):
No events

Classes redefined (0 events):
No events

Internal exceptions (0 events):
No events

Events (8 events):
Event: 0.084 Loaded shared library F:\Program Files\Java\jdk-13.0.1\bin\zip.dll
Event: 0.085 Loaded shared library F:\Program Files\Java\jdk-13.0.1\bin\jimage.dll
Event: 0.160 Loading shared library F:\Program Files\Java\jdk-13.0.1\lib\libjava.base-coop.dll failed, error code 126
Event: 0.160 Loading shared library F:\Program Files\Java\jdk-13.0.1\lib\libjava.logging-coop.dll failed, error code 126
Event: 0.160 Loading shared library F:\Program Files\Java\jdk-13.0.1\lib\libjdk.compiler-coop.dll failed, error code 126
Event: 0.160 Loading shared library F:\Program Files\Java\jdk-13.0.1\lib\libjdk.scripting.nashorn-coop.dll failed, error code 126
Event: 0.160 Loading shared library F:\Program Files\Java\jdk-13.0.1\lib\libjdk.internal.vm.ci-coop.dll failed, error code 126
Event: 0.160 Loading shared library F:\Program Files\Java\jdk-13.0.1\lib\libjdk.internal.vm.compiler-coop.dll failed, error code 126


Dynamic libraries:
0x00007ff7464a0000 - 0x00007ff7464af000 	F:\Program Files\Java\jdk-13.0.1\bin\javaw.exe
0x00007ffa19010000 - 0x00007ffa19206000 	C:\WINDOWS\SYSTEM32\ntdll.dll
0x00007ffa17ae0000 - 0x00007ffa17b9d000 	C:\WINDOWS\System32\KERNEL32.DLL
0x00007ffa16980000 - 0x00007ffa16c48000 	C:\WINDOWS\System32\KERNELBASE.dll
0x00007ffa16830000 - 0x00007ffa16930000 	C:\WINDOWS\System32\ucrtbase.dll
0x00007ff9f9050000 - 0x00007ff9f9065000 	F:\Program Files\Java\jdk-13.0.1\bin\VCRUNTIME140.dll
0x00007ff9ff830000 - 0x00007ff9ff848000 	F:\Program Files\Java\jdk-13.0.1\bin\jli.dll
0x00007ffa177e0000 - 0x00007ffa1788c000 	C:\WINDOWS\System32\ADVAPI32.dll
0x00007ffa172f0000 - 0x00007ffa1738e000 	C:\WINDOWS\System32\msvcrt.dll
0x00007ffa17070000 - 0x00007ffa1710b000 	C:\WINDOWS\System32\sechost.dll
0x00007ffa171c0000 - 0x00007ffa172e4000 	C:\WINDOWS\System32\RPCRT4.dll
0x00007ffa17d60000 - 0x00007ffa17f00000 	C:\WINDOWS\System32\USER32.dll
0x00007ffa16eb0000 - 0x00007ffa16ed2000 	C:\WINDOWS\System32\win32u.dll
0x00007ffa17a90000 - 0x00007ffa17aba000 	C:\WINDOWS\System32\GDI32.dll
0x00007ffa16f60000 - 0x00007ffa17069000 	C:\WINDOWS\System32\gdi32full.dll
0x00007ffa020a0000 - 0x00007ffa0233b000 	C:\WINDOWS\WinSxS\amd64_microsoft.windows.common-controls_6595b64144ccf1df_6.0.19041.488_none_ca04af081b815d21\COMCTL32.dll
0x00007ffa16cb0000 - 0x00007ffa16d4d000 	C:\WINDOWS\System32\msvcp_win.dll
0x00007ffa0fa80000 - 0x00007ffa0fa8a000 	C:\WINDOWS\SYSTEM32\VERSION.dll
0x00007ffa17cd0000 - 0x00007ffa17d00000 	C:\WINDOWS\System32\IMM32.DLL
0x00007ff9f37e0000 - 0x00007ff9f387b000 	F:\Program Files\Java\jdk-13.0.1\bin\msvcp140.dll
0x00007ff9fd970000 - 0x00007ff9fe4d6000 	F:\Program Files\Java\jdk-13.0.1\bin\server\jvm.dll
0x00007ffa17fa0000 - 0x00007ffa17fa8000 	C:\WINDOWS\System32\PSAPI.DLL
0x00007ff9ff800000 - 0x00007ff9ff827000 	C:\WINDOWS\SYSTEM32\WINMM.dll
0x00007ffa11a20000 - 0x00007ffa11a29000 	C:\WINDOWS\SYSTEM32\WSOCK32.dll
0x00007ffa178f0000 - 0x00007ffa1795b000 	C:\WINDOWS\System32\WS2_32.dll
0x00007ffa14880000 - 0x00007ffa14892000 	C:\WINDOWS\SYSTEM32\kernel.appcore.dll
0x00007ffa0e100000 - 0x00007ffa0e110000 	F:\Program Files\Java\jdk-13.0.1\bin\verify.dll
0x00007ffa14590000 - 0x00007ffa14774000 	C:\WINDOWS\SYSTEM32\DBGHELP.DLL
0x00007ffa10b00000 - 0x00007ffa10b2c000 	C:\WINDOWS\SYSTEM32\dbgcore.DLL
0x00007ffa16ee0000 - 0x00007ffa16f5f000 	C:\WINDOWS\System32\bcryptPrimitives.dll
0x00007ffa0e0b0000 - 0x00007ffa0e0d6000 	F:\Program Files\Java\jdk-13.0.1\bin\java.dll
0x00007ffa00e40000 - 0x00007ffa00e57000 	F:\Program Files\Java\jdk-13.0.1\bin\zip.dll
0x00007ffa0e080000 - 0x00007ffa0e08a000 	F:\Program Files\Java\jdk-13.0.1\bin\jimage.dll

dbghelp: loaded successfully - version: 4.0.5 - missing functions: none
symbol engine: initialized successfully - sym options: 0x614 - pdb path: .;F:\Program Files\Java\jdk-13.0.1\bin;C:\WINDOWS\SYSTEM32;C:\WINDOWS\WinSxS\amd64_microsoft.windows.common-controls_6595b64144ccf1df_6.0.19041.488_none_ca04af081b815d21;F:\Program Files\Java\jdk-13.0.1\bin\server

VM Arguments:
jvm_args: -Dfile.encoding=Cp1252 
java_command: hosp.info.BackgroundJFrame -clean
java_class_path (initial): C:\Users\Pallavi Grover\eclipse-workspace\HospitalManagement\bin;C:\oraclexe\app\oracle\product\11.2.0\server\jdbc\lib\ojdbc6_g.jar;C:\Users\Pallavi Grover\Downloads\rs2xml.jar
Launcher Type: SUN_STANDARD

[Global flags]
     intx CICompilerCount                          = 3                                         {product} {ergonomic}
     uint ConcGCThreads                            = 1                                         {product} {ergonomic}
     uint G1ConcRefinementThreads                  = 4                                         {product} {ergonomic}
   size_t G1HeapRegionSize                         = 1048576                                   {product} {ergonomic}
    uintx GCDrainStackTargetSize                   = 64                                        {product} {ergonomic}
   size_t InitialHeapSize                          = 67108864                                  {product} {ergonomic}
   size_t MarkStackSize                            = 4194304                                   {product} {ergonomic}
   size_t MaxHeapSize                              = 1050673152                                {product} {ergonomic}
   size_t MinHeapDeltaBytes                        = 1048576                                   {product} {ergonomic}
   size_t MinHeapSize                              = 8388608                                   {product} {ergonomic}
    uintx NonNMethodCodeHeapSize                   = 5830732                                {pd product} {ergonomic}
    uintx NonProfiledCodeHeapSize                  = 122913754                              {pd product} {ergonomic}
    uintx ProfiledCodeHeapSize                     = 122913754                              {pd product} {ergonomic}
    uintx ReservedCodeCacheSize                    = 251658240                              {pd product} {ergonomic}
     bool SegmentedCodeCache                       = true                                      {product} {ergonomic}
   size_t SoftMaxHeapSize                          = 1050673152                             {manageable} {ergonomic}
     bool UseCompressedClassPointers               = true                                 {lp64_product} {ergonomic}
     bool UseCompressedOops                        = true                                 {lp64_product} {ergonomic}
     bool UseG1GC                                  = true                                      {product} {ergonomic}
     bool UseLargePagesIndividualAllocation        = false                                  {pd product} {ergonomic}

Logging:
Log output configuration:
 #0: stdout all=warning uptime,level,tags
 #1: stderr all=off uptime,level,tags

Environment Variables:
PATH=F:/Program Files/Java/jdk-13.0.1/bin/server;F:/Program Files/Java/jdk-13.0.1/bin;C:\oraclexe\app\oracle\product\11.2.0\server\bin;;C:\oraclexe\app\oracle\product\11.2.0\server\bin;C:\Program Files (x86)\Intel\Intel(R) Management Engine Components\iCLS\;C:\Program Files\Intel\Intel(R) Management Engine Components\iCLS\;C:\WINDOWS\system32;C:\WINDOWS;C:\WINDOWS\System32\Wbem;C:\WINDOWS\System32\WindowsPowerShell\v1.0\;C:\Program Files (x86)\Intel\Intel(R) Management Engine Components\DAL;C:\Program Files\Intel\Intel(R) Management Engine Components\DAL;C:\Program Files (x86)\Intel\Intel(R) Management Engine Components\IPT;C:\Program Files\Intel\Intel(R) Management Engine Components\IPT;C:\WINDOWS\System32\OpenSSH\;C:\PHP7;C:\Program Files\Git\cmd;C:\Users\Pallavi Grover\AppData\Local\Microsoft\WindowsApps;F:\Program Files\Java\jdk-13.0.1\bin;;C:\Users\Pallavi Grover\Desktop;
USERNAME=Pallavi Grover
OS=Windows_NT
PROCESSOR_IDENTIFIER=Intel64 Family 6 Model 142 Stepping 10, GenuineIntel



---------------  S Y S T E M  ---------------

OS: Windows 10 , 64 bit Build 19041 (10.0.19041.546)

CPU:total 4 (initial active 4) (2 cores per cpu, 2 threads per core) family 6 model 142 stepping 10, cmov, cx8, fxsr, mmx, sse, sse2, sse3, ssse3, sse4.1, sse4.2, popcnt, avx, avx2, aes, clmul, erms, 3dnowpref, lzcnt, ht, tsc, tscinvbit, bmi1, bmi2, adx, fma

Memory: 4k page, system-wide physical 4001M (241M free)
TotalPageFile size 16289M (AvailPageFile size 35M)
current process WorkingSet (physical memory assigned to process): 9M, peak: 9M
current process commit charge ("private bytes"): 51M, peak: 115M

vm_info: Java HotSpot(TM) 64-Bit Server VM (13.0.1+9) for windows-amd64 JRE (13.0.1+9), built on Oct  6 2019 12:37:49 by "mach5one" with unknown MS VC++:1916

END.
